<?xml version="1.0" encoding="UTF-8"?>
<!-- Generated by org.testng.reporters.JUnitReportReporter -->
<testsuite skipped="0" hostname="DESKTOP-S0PJ8C7" name="JavaPackage.DataDrivenTestHome" tests="1" failures="0" timestamp="13 Dec 2017 22:22:52 GMT" time="27.029" errors="0">
  <testcase name="mercuryTours" time="27.029" classname="JavaPackage.DataDrivenTestHome"/>
</testsuite> <!-- JavaPackage.DataDrivenTestHome -->
