<?xml version="1.0" encoding="UTF-8"?>
<!-- Generated by org.testng.reporters.JUnitReportReporter -->
<testsuite skipped="0" hostname="DESKTOP-S0PJ8C7" name="JavaPackage.MercuryHomePage" tests="1" failures="0" timestamp="15 Dec 2017 21:10:15 GMT" time="35.250" errors="0">
  <testcase name="mercuryTours" time="35.250" classname="JavaPackage.MercuryHomePage"/>
</testsuite> <!-- JavaPackage.MercuryHomePage -->
